<?xml version="1.0" encoding="UTF-8"?>
<!-- Generated by org.testng.reporters.JUnitReportReporter -->
<testsuite hostname="DESKTOP-B3UTCUD" failures="0" tests="2" name="coverFoxTestPackage.TestExecutionUsingTestNg1" time="11.656" errors="0" timestamp="2024-08-19T17:23:48 IST" skipped="0">
  <testcase classname="coverFoxTestPackage.TestExecutionUsingTestNg1" name="validateBanners" time="7.025">
    <system-out>
      <![CDATA[validateBanners this test case is started
getting plans in string
getting banner size]]>
    </system-out>
  </testcase> <!-- validateBanners -->
  <testcase classname="coverFoxTestPackage.TestExecutionUsingTestNg1" name="validateSortFilter" time="4.631">
    <system-out>
      <![CDATA[validateSortFilter this test case is started
validating sort button
taking screenshot
saving file at locationC:\Users\ADMIN\eclipse-workspace\.metadata\CoverFoxTest\screenshots\validateSortFilter20240819172342.jpg]]>
    </system-out>
  </testcase> <!-- validateSortFilter -->
  <system-out>
    <![CDATA[launching browser
waiting.....
clicking on next button
clicking on next button
reading data from excel file
handling age dropdown
clicking on next button
reading data from excel file
entering pincode
reading data from excel file
entering mobile no
clicking on next button
validateBanners this test case is started
getting plans in string
getting banner size
validateSortFilter this test case is started
validating sort button
taking screenshot
saving file at locationC:\Users\ADMIN\eclipse-workspace\.metadata\CoverFoxTest\screenshots\validateSortFilter20240819172342.jpg
closing browser]]>
  </system-out>
</testsuite> <!-- coverFoxTestPackage.TestExecutionUsingTestNg1 -->
